0 info it worked if it ends with ok
1 verbose cli [ 'node', '/usr/local/bin/npm', 'install' ]
2 info using npm@1.4.28
3 info using node@v0.10.32
4 verbose readDependencies using package.json deps
5 verbose install where, deps [ '/Users/darnellshumpert/Desktop/405/405', [ 'pg', 'st' ] ]
6 info preinstall cse488app@1.0.0
7 verbose readDependencies using package.json deps
8 verbose cache add [ 'pg@3.4.1', null ]
9 verbose cache add name=undefined spec="pg@3.4.1" args=["pg@3.4.1",null]
10 verbose parsed url { protocol: null,
10 verbose parsed url   slashes: null,
10 verbose parsed url   auth: null,
10 verbose parsed url   host: null,
10 verbose parsed url   port: null,
10 verbose parsed url   hostname: null,
10 verbose parsed url   hash: null,
10 verbose parsed url   search: null,
10 verbose parsed url   query: null,
10 verbose parsed url   pathname: 'pg@3.4.1',
10 verbose parsed url   path: 'pg@3.4.1',
10 verbose parsed url   href: 'pg@3.4.1' }
11 verbose cache add [ 'st@0.5.1', null ]
12 verbose cache add name=undefined spec="st@0.5.1" args=["st@0.5.1",null]
13 verbose parsed url { protocol: null,
13 verbose parsed url   slashes: null,
13 verbose parsed url   auth: null,
13 verbose parsed url   host: null,
13 verbose parsed url   port: null,
13 verbose parsed url   hostname: null,
13 verbose parsed url   hash: null,
13 verbose parsed url   search: null,
13 verbose parsed url   query: null,
13 verbose parsed url   pathname: 'st@0.5.1',
13 verbose parsed url   path: 'st@0.5.1',
13 verbose parsed url   href: 'st@0.5.1' }
14 verbose cache add name="pg" spec="3.4.1" args=["pg","3.4.1"]
15 verbose parsed url { protocol: null,
15 verbose parsed url   slashes: null,
15 verbose parsed url   auth: null,
15 verbose parsed url   host: null,
15 verbose parsed url   port: null,
15 verbose parsed url   hostname: null,
15 verbose parsed url   hash: null,
15 verbose parsed url   search: null,
15 verbose parsed url   query: null,
15 verbose parsed url   pathname: '3.4.1',
15 verbose parsed url   path: '3.4.1',
15 verbose parsed url   href: '3.4.1' }
16 verbose addNamed [ 'pg', '3.4.1' ]
17 verbose addNamed [ '3.4.1', '3.4.1' ]
18 verbose cache add name="st" spec="0.5.1" args=["st","0.5.1"]
19 verbose parsed url { protocol: null,
19 verbose parsed url   slashes: null,
19 verbose parsed url   auth: null,
19 verbose parsed url   host: null,
19 verbose parsed url   port: null,
19 verbose parsed url   hostname: null,
19 verbose parsed url   hash: null,
19 verbose parsed url   search: null,
19 verbose parsed url   query: null,
19 verbose parsed url   pathname: '0.5.1',
19 verbose parsed url   path: '0.5.1',
19 verbose parsed url   href: '0.5.1' }
20 verbose addNamed [ 'st', '0.5.1' ]
21 verbose addNamed [ '0.5.1', '0.5.1' ]
22 silly lockFile b34dd722-pg-3-4-1 pg@3.4.1
23 verbose lock pg@3.4.1 /Users/darnellshumpert/.npm/b34dd722-pg-3-4-1.lock
24 silly lockFile 437412dd-st-0-5-1 st@0.5.1
25 verbose lock st@0.5.1 /Users/darnellshumpert/.npm/437412dd-st-0-5-1.lock
26 verbose request where is /pg
27 verbose request registry https://registry.npmjs.org/
28 verbose request id 2cd722a03f2ca151
29 verbose url raw /pg
30 verbose url resolving [ 'https://registry.npmjs.org/', './pg' ]
31 verbose url resolved https://registry.npmjs.org/pg
32 verbose request where is https://registry.npmjs.org/pg
33 info trying registry request attempt 1 at 16:42:33
34 verbose etag "9IMZ3Q9SVJLKAI09FDMA8MKD8"
35 http GET https://registry.npmjs.org/pg
36 verbose request where is /st
37 verbose request registry https://registry.npmjs.org/
38 verbose url raw /st
39 verbose url resolving [ 'https://registry.npmjs.org/', './st' ]
40 verbose url resolved https://registry.npmjs.org/st
41 verbose request where is https://registry.npmjs.org/st
42 info trying registry request attempt 1 at 16:42:33
43 verbose etag "5P202R672HOEY6ESSN9EUI3RA"
44 http GET https://registry.npmjs.org/st
45 http 304 https://registry.npmjs.org/pg
46 silly registry.get cb [ 304,
46 silly registry.get   { date: 'Sat, 28 Mar 2015 23:42:33 GMT',
46 silly registry.get     server: 'Apache',
46 silly registry.get     via: '1.1 varnish',
46 silly registry.get     'last-modified': 'Sat, 28 Mar 2015 23:42:33 GMT',
46 silly registry.get     'cache-control': 'max-age=60',
46 silly registry.get     etag: '"9IMZ3Q9SVJLKAI09FDMA8MKD8"',
46 silly registry.get     age: '12',
46 silly registry.get     'x-served-by': 'cache-ord1721-ORD',
46 silly registry.get     'x-cache': 'HIT',
46 silly registry.get     'x-cache-hits': '1',
46 silly registry.get     'x-timer': 'S1427586153.870346,VS0,VE0',
46 silly registry.get     vary: 'Accept',
46 silly registry.get     'content-length': '0',
46 silly registry.get     'keep-alive': 'timeout=10, max=50',
46 silly registry.get     connection: 'Keep-Alive' } ]
47 verbose etag https://registry.npmjs.org/pg from cache
48 silly lockFile f597e526-gistry-npmjs-org-pg-pg-3-4-1-tgz https://registry.npmjs.org/pg/-/pg-3.4.1.tgz
49 verbose lock https://registry.npmjs.org/pg/-/pg-3.4.1.tgz /Users/darnellshumpert/.npm/f597e526-gistry-npmjs-org-pg-pg-3-4-1-tgz.lock
50 verbose addRemoteTarball [ 'https://registry.npmjs.org/pg/-/pg-3.4.1.tgz',
50 verbose addRemoteTarball   '3d6bd536ac680d59660da37f09aa52682839410e' ]
51 info retry fetch attempt 1 at 16:42:34
52 verbose fetch to= /var/folders/m4/65wmjzs54q9g0898_3w35tnh0000gn/T/npm-9949-XW-cV+LG/registry.npmjs.org/pg/-/pg-3.4.1.tgz
53 http GET https://registry.npmjs.org/pg/-/pg-3.4.1.tgz
54 http 304 https://registry.npmjs.org/st
55 silly registry.get cb [ 304,
55 silly registry.get   { date: 'Sat, 28 Mar 2015 23:42:33 GMT',
55 silly registry.get     server: 'Apache',
55 silly registry.get     via: '1.1 varnish',
55 silly registry.get     'last-modified': 'Sat, 28 Mar 2015 23:42:34 GMT',
55 silly registry.get     'cache-control': 'max-age=60',
55 silly registry.get     etag: '"5P202R672HOEY6ESSN9EUI3RA"',
55 silly registry.get     age: '0',
55 silly registry.get     'x-served-by': 'cache-ord1732-ORD',
55 silly registry.get     'x-cache': 'MISS',
55 silly registry.get     'x-cache-hits': '0',
55 silly registry.get     'x-timer': 'S1427586153.865023,VS0,VE403',
55 silly registry.get     vary: 'Accept',
55 silly registry.get     'content-length': '0',
55 silly registry.get     'keep-alive': 'timeout=10, max=50',
55 silly registry.get     connection: 'Keep-Alive' } ]
56 verbose etag https://registry.npmjs.org/st from cache
57 silly lockFile f97032bb-gistry-npmjs-org-st-st-0-5-1-tgz https://registry.npmjs.org/st/-/st-0.5.1.tgz
58 verbose lock https://registry.npmjs.org/st/-/st-0.5.1.tgz /Users/darnellshumpert/.npm/f97032bb-gistry-npmjs-org-st-st-0-5-1-tgz.lock
59 verbose addRemoteTarball [ 'https://registry.npmjs.org/st/-/st-0.5.1.tgz',
59 verbose addRemoteTarball   '8eaa49bbcb34f35a7f8e3dac048c39b60e14da87' ]
60 info retry fetch attempt 1 at 16:42:34
61 verbose fetch to= /var/folders/m4/65wmjzs54q9g0898_3w35tnh0000gn/T/npm-9949-XW-cV+LG/registry.npmjs.org/st/-/st-0.5.1.tgz
62 http GET https://registry.npmjs.org/st/-/st-0.5.1.tgz
63 http 200 https://registry.npmjs.org/pg/-/pg-3.4.1.tgz
64 silly lockFile f597e526-gistry-npmjs-org-pg-pg-3-4-1-tgz https://registry.npmjs.org/pg/-/pg-3.4.1.tgz
65 silly lockFile f597e526-gistry-npmjs-org-pg-pg-3-4-1-tgz https://registry.npmjs.org/pg/-/pg-3.4.1.tgz
66 silly lockFile b34dd722-pg-3-4-1 pg@3.4.1
67 silly lockFile b34dd722-pg-3-4-1 pg@3.4.1
68 http 200 https://registry.npmjs.org/st/-/st-0.5.1.tgz
69 silly lockFile f97032bb-gistry-npmjs-org-st-st-0-5-1-tgz https://registry.npmjs.org/st/-/st-0.5.1.tgz
70 silly lockFile f97032bb-gistry-npmjs-org-st-st-0-5-1-tgz https://registry.npmjs.org/st/-/st-0.5.1.tgz
71 silly lockFile 437412dd-st-0-5-1 st@0.5.1
72 silly lockFile 437412dd-st-0-5-1 st@0.5.1
73 error Error: EACCES, mkdir '/Users/darnellshumpert/.npm/pg/3.4.1'
73 error  { [Error: EACCES, mkdir '/Users/darnellshumpert/.npm/pg/3.4.1']
73 error   errno: 3,
73 error   code: 'EACCES',
73 error   path: '/Users/darnellshumpert/.npm/pg/3.4.1',
73 error   parent: 'cse488app' }
74 error Please try running this command again as root/Administrator.
75 error System Darwin 13.3.0
76 error command "node" "/usr/local/bin/npm" "install"
77 error cwd /Users/darnellshumpert/Desktop/405/405/heroku
78 error node -v v0.10.32
79 error npm -v 1.4.28
80 error path /Users/darnellshumpert/.npm/pg/3.4.1
81 error code EACCES
82 error errno 3
83 error stack Error: EACCES, mkdir '/Users/darnellshumpert/.npm/pg/3.4.1'
84 verbose exit [ 3, true ]
